  Fmusic.c
Fmusic.c(373): warning C4311: “类型转换”: 从“char *”到“unsigned int”的指针截断
Fmusic.c(373): warning C4312: “类型转换”: 从“unsigned int”转换到更大的“char *”
  Fsound.c
  mixer_clipcopy.c
mixer_clipcopy.c(52): error C4235: 使用了非标准扩展: 不支持在此结构上使用“__asm”关键字
mixer_clipcopy.c(54): error C2065: “mov”: 未声明的标识符
mixer_clipcopy.c(54): error C2146: 语法错误: 缺少“;”(在标识符“eax”的前面)
mixer_clipcopy.c(54): error C2065: “eax”: 未声明的标识符
mixer_clipcopy.c(55): error C2146: 语法错误: 缺少“;”(在标识符“fld”的前面)
mixer_clipcopy.c(55): error C2065: “fld”: 未声明的标识符
mixer_clipcopy.c(55): error C2065: “eax”: 未声明的标识符
mixer_clipcopy.c(55): error C2109: 下标要求数组或指针类型
mixer_clipcopy.c(56): error C2146: 语法错误: 缺少“;”(在标识符“add”的前面)
mixer_clipcopy.c(56): error C2065: “add”: 未声明的标识符
mixer_clipcopy.c(56): error C2146: 语法错误: 缺少“;”(在标识符“srcptr”的前面)
mixer_clipcopy.c(57): error C2146: 语法错误: 缺少“;”(在标识符“fistp”的前面)
mixer_clipcopy.c(57): error C2065: “fistp”: 未声明的标识符
mixer_clipcopy.c(57): error C2146: 语法错误: 缺少“;”(在标识符“val”的前面)
mixer_clipcopy.c(58): error C2143: 语法错误: 缺少“;”(在“}”的前面)
  mixer_fpu_ramp.c
mixer_fpu_ramp.c(83): warning C4311: “类型转换”: 从“void *”到“unsigned int”的指针截断
mixer_fpu_ramp.c(94): error C4235: 使用了非标准扩展: 不支持在此结构上使用“__asm”关键字
mixer_fpu_ramp.c(96): error C2065: “push”: 未声明的标识符
mixer_fpu_ramp.c(96): error C2146: 语法错误: 缺少“;”(在标识符“ebp”的前面)
mixer_fpu_ramp.c(97): error C2065: “ebp”: 未声明的标识符
mixer_fpu_ramp.c(97): error C2146: 语法错误: 缺少“;”(在标识符“mov”的前面)
mixer_fpu_ramp.c(97): error C2065: “mov”: 未声明的标识符
mixer_fpu_ramp.c(97): error C2146: 语法错误: 缺少“;”(在标识符“ebx”的前面)
mixer_fpu_ramp.c(97): error C2065: “ebx”: 未声明的标识符
mixer_fpu_ramp.c(98): error C2146: 语法错误: 缺少“;”(在标识符“mov”的前面)
mixer_fpu_ramp.c(98): error C2065: “mov”: 未声明的标识符
mixer_fpu_ramp.c(98): error C2146: 语法错误: 缺少“;”(在标识符“mix_mixbuffptr”的前面)
mixer_fpu_ramp.c(100): error C2065: “ebx”: 未声明的标识符
mixer_fpu_ramp.c(100): error C2146: 语法错误: 缺少“;”(在标识符“mov”的前面)
mixer_fpu_ramp.c(100): error C2065: “mov”: 未声明的标识符
mixer_fpu_ramp.c(100): error C2146: 语法错误: 缺少“;”(在标识符“ecx”的前面)
mixer_fpu_ramp.c(100): error C2065: “ecx”: 未声明的标识符
mixer_fpu_ramp.c(101): error C2146: 语法错误: 缺少“;”(在标识符“mov”的前面)
mixer_fpu_ramp.c(101): error C2065: “mov”: 未声明的标识符
mixer_fpu_ramp.c(101): error C2146: 语法错误: 缺少“;”(在标识符“mix_cptr”的前面)
mixer_fpu_ramp.c(103): error C2065: “ecx”: 未声明的标识符
mixer_fpu_ramp.c(103): error C2146: 语法错误: 缺少“;”(在标识符“cmp”的前面)
mixer_fpu_ramp.c(103): error C2065: “cmp”: 未声明的标识符
mixer_fpu_ramp.c(103): error C2146: 语法错误: 缺少“;”(在标识符“ecx”的前面)
mixer_fpu_ramp.c(104): error C2146: 语法错误: 缺少“;”(在标识符“je”的前面)
mixer_fpu_ramp.c(104): error C2065: “je”: 未声明的标识符
mixer_fpu_ramp.c(104): error C2146: 语法错误: 缺少“;”(在标识符“MixExit”的前面)
mixer_fpu_ramp.c(106): error C2065: “MixExit”: 未声明的标识符
mixer_fpu_ramp.c(106): error C2146: 语法错误: 缺少“;”(在标识符“mov”的前面)
mixer_fpu_ramp.c(106): error C2065: “mov”: 未声明的标识符
mixer_fpu_ramp.c(106): error C2146: 语法错误: 缺少“;”(在标识符“ebx”的前面)
mixer_fpu_ramp.c(106): error C2065: “ebx”: 未声明的标识符
mixer_fpu_ramp.c(106): error C2059: 语法错误:“[”
mixer_fpu_ramp.c(159): error C2059: 语法错误:“数字上的错误后缀”
mixer_fpu_ramp.c(165): error C2059: 语法错误:“数字上的错误后缀”
mixer_fpu_ramp.c(180): error C2059: 语法错误:“数字上的错误后缀”
mixer_fpu_ramp.c(181): error C2146: 语法错误: 缺少“;”(在标识符“speedvalid”的前面)
mixer_fpu_ramp.c(183): error C2065: “shl”: 未声明的标识符
mixer_fpu_ramp.c(183): error C2146: 语法错误: 缺少“;”(在标识符“ebp”的前面)
mixer_fpu_ramp.c(183): error C2065: “ebp”: 未声明的标识符
mixer_fpu_ramp.c(184): error C2146: 语法错误: 缺少“;”(在标识符“shr”的前面)
mixer_fpu_ramp.c(184): error C2065: “shr”: 未声明的标识符
mixer_fpu_ramp.c(184): error C2146: 语法错误: 缺少“;”(在标识符“edi”的前面)
mixer_fpu_ramp.c(184): error C2065: “edi”: 未声明的标识符
mixer_fpu_ramp.c(185): error C2146: 语法错误: 缺少“;”(在标识符“and”的前面)
mixer_fpu_ramp.c(185): error C2065: “and”: 未声明的标识符
mixer_fpu_ramp.c(185): error C2146: 语法错误: 缺少“;”(在标识符“edi”的前面)
mixer_fpu_ramp.c(185): error C2065: “edi”: 未声明的标识符
mixer_fpu_ramp.c(185): error C2059: 语法错误:“数字上的错误后缀”
mixer_fpu_ramp.c(186): error C2146: 语法错误: 缺少“;”(在标识符“or”的前面)
mixer_fpu_ramp.c(186): error C2065: “or”: 未声明的标识符
mixer_fpu_ramp.c(186): error C2146: 语法错误: 缺少“;”(在标识符“ebp”的前面)
mixer_fpu_ramp.c(186): error C2065: “ebp”: 未声明的标识符
mixer_fpu_ramp.c(187): error C2065: “edi”: 未声明的标识符
mixer_fpu_ramp.c(187): error C2146: 语法错误: 缺少“;”(在标识符“div”的前面)
mixer_fpu_ramp.c(187): error C2146: 语法错误: 缺少“;”(在标识符“ebp”的前面)
mixer_fpu_ramp.c(187): warning C4550: 表达式计算为缺少参数列表的函数
mixer_fpu_ramp.c(189): error C2065: “ebp”: 未声明的标识符
mixer_fpu_ramp.c(189): error C2146: 语法错误: 缺少“;”(在标识符“or”的前面)
mixer_fpu_ramp.c(189): error C2065: “or”: 未声明的标识符
mixer_fpu_ramp.c(189): error C2146: 语法错误: 缺少“;”(在标识符“edx”的前面)
mixer_fpu_ramp.c(189): error C2065: “edx”: 未声明的标识符
mixer_fpu_ramp.c(190): error C2065: “edx”: 未声明的标识符
mixer_fpu_ramp.c(190): error C2146: 语法错误: 缺少“;”(在标识符“jz”的前面)
mixer_fpu_ramp.c(190): error C2065: “jz”: 未声明的标识符
mixer_fpu_ramp.c(190): error C2146: 语法错误: 缺少“;”(在标识符“dontaddbyte”的前面)
mixer_fpu_ramp.c(191): error C2065: “dontaddbyte”: 未声明的标识符
mixer_fpu_ramp.c(191): error C2146: 语法错误: 缺少“;”(在标识符“inc”的前面)
mixer_fpu_ramp.c(191): error C2065: “inc”: 未声明的标识符
mixer_fpu_ramp.c(191): error C2146: 语法错误: 缺少“;”(在标识符“eax”的前面)
mixer_fpu_ramp.c(192): error C2065: “eax”: 未声明的标识符
mixer_fpu_ramp.c(192): error C2146: 语法错误: 缺少“;”(在标识符“dontaddbyte”的前面)
mixer_fpu_ramp.c(193): error C2065: “cmp”: 未声明的标识符
mixer_fpu_ramp.c(193): error C2146: 语法错误: 缺少“;”(在标识符“eax”的前面)
mixer_fpu_ramp.c(193): error C2065: “eax”: 未声明的标识符
mixer_fpu_ramp.c(194): error C2146: 语法错误: 缺少“;”(在标识符“ja”的前面)
mixer_fpu_ramp.c(194): error C2065: “ja”: 未声明的标识符
mixer_fpu_ramp.c(194): error C2146: 语法错误: 缺少“;”(在标识符“staywithoutputbuffend”的前面)
mixer_fpu_ramp.c(195): error C2065: “staywithoutputbuffend”: 未声明的标识符
mixer_fpu_ramp.c(195): error C2146: 语法错误: 缺少“;”(在标识符“mov”的前面)
mixer_fpu_ramp.c(195): error C2065: “mov”: 未声明的标识符
mixer_fpu_ramp.c(195): error C2146: 语法错误: 缺少“;”(在标识符“mix_count”的前面)
mixer_fpu_ramp.c(196): error C2065: “eax”: 未声明的标识符
mixer_fpu_ramp.c(196): error C2146: 语法错误: 缺少“;”(在标识符“mov”的前面)
mixer_fpu_ramp.c(196): error C2065: “mov”: 未声明的标识符
mixer_fpu_ramp.c(196): error C2146: 语法错误: 缺少“;”(在标识符“edx”的前面)
mixer_fpu_ramp.c(196): error C2065: “edx”: 未声明的标识符
mixer_fpu_ramp.c(197): error C2146: 语法错误: 缺少“;”(在标识符“mov”的前面)
mixer_fpu_ramp.c(197): error C2065: “mov”: 未声明的标识符
mixer_fpu_ramp.c(197): error C2146: 语法错误: 缺少“;”(在标识符“mix_endflag”的前面)
mixer_fpu_ramp.c(198): error C2065: “edx”: 未声明的标识符
mixer_fpu_ramp.c(198): error C2146: 语法错误: 缺少“;”(在标识符“staywithoutputbuffend”的前面)
mixer_fpu_ramp.c(200): error C2065: “mov”: 未声明的标识符
mixer_fpu_ramp.c(200): error C2146: 语法错误: 缺少“;”(在标识符“ebx”的前面)
mixer_fpu_ramp.c(200): error C2065: “ebx”: 未声明的标识符
mixer_fpu_ramp.c(201): error C2146: 语法错误: 缺少“;”(在标识符“mov”的前面)
mixer_fpu_ramp.c(201): error C2065: “mov”: 未声明的标识符
mixer_fpu_ramp.c(201): error C2146: 语法错误: 缺少“;”(在标识符“ecx”的前面)
mixer_fpu_ramp.c(201): error C2065: “ecx”: 未声明的标识符
mixer_fpu_ramp.c(210): error C2146: 语法错误: 缺少“;”(在标识符“mov”的前面)
mixer_fpu_ramp.c(210): error C2065: “mov”: 未声明的标识符
mixer_fpu_ramp.c(210): error C2146: 语法错误: 缺少“;”(在标识符“mix_rampspeedleft”的前面)
mixer_fpu_ramp.c(211): error C2146: 语法错误: 缺少“;”(在标识符“mov”的前面)
mixer_fpu_ramp.c(211): error C2065: “mov”: 未声明的标识符
mixer_fpu_ramp.c(211): fatal error C1003: 错误计数超过 100；正在停止编译
  music_formatxm.c
music_formatxm.c(628): error C4235: 使用了非标准扩展: 不支持在此结构上使用“__asm”关键字
music_formatxm.c(630): error C2065: “push”: 未声明的标识符
music_formatxm.c(630): error C2146: 语法错误: 缺少“;”(在标识符“eax”的前面)
music_formatxm.c(631): error C2065: “eax”: 未声明的标识符
music_formatxm.c(631): error C2146: 语法错误: 缺少“;”(在标识符“push”的前面)
music_formatxm.c(631): error C2065: “push”: 未声明的标识符
music_formatxm.c(631): error C2146: 语法错误: 缺少“;”(在标识符“ebx”的前面)
music_formatxm.c(632): error C2065: “ebx”: 未声明的标识符
music_formatxm.c(632): error C2146: 语法错误: 缺少“;”(在标识符“push”的前面)
music_formatxm.c(632): error C2065: “push”: 未声明的标识符
music_formatxm.c(632): error C2146: 语法错误: 缺少“;”(在标识符“ecx”的前面)
music_formatxm.c(633): error C2065: “ecx”: 未声明的标识符
music_formatxm.c(633): error C2146: 语法错误: 缺少“;”(在标识符“push”的前面)
music_formatxm.c(633): error C2065: “push”: 未声明的标识符
music_formatxm.c(633): error C2146: 语法错误: 缺少“;”(在标识符“edx”的前面)
music_formatxm.c(636): error C2065: “edx”: 未声明的标识符
music_formatxm.c(636): error C2146: 语法错误: 缺少“;”(在标识符“mov”的前面)
music_formatxm.c(636): error C2065: “mov”: 未声明的标识符
music_formatxm.c(636): error C2146: 语法错误: 缺少“;”(在标识符“ecx”的前面)
music_formatxm.c(636): error C2065: “ecx”: 未声明的标识符
music_formatxm.c(637): error C2146: 语法错误: 缺少“;”(在标识符“mov”的前面)
music_formatxm.c(637): error C2065: “mov”: 未声明的标识符
music_formatxm.c(637): error C2146: 语法错误: 缺少“;”(在标识符“ebx”的前面)
music_formatxm.c(637): error C2065: “ebx”: 未声明的标识符
music_formatxm.c(638): error C2146: 语法错误: 缺少“;”(在标识符“mov”的前面)
music_formatxm.c(638): error C2065: “mov”: 未声明的标识符
music_formatxm.c(638): error C2146: 语法错误: 缺少“;”(在标识符“eax”的前面)
music_formatxm.c(638): error C2065: “eax”: 未声明的标识符
music_formatxm.c(639): error C2146: 语法错误: 缺少“;”(在标识符“xor”的前面)
music_formatxm.c(639): error C2065: “xor”: 未声明的标识符
music_formatxm.c(639): error C2146: 语法错误: 缺少“;”(在标识符“edx”的前面)
music_formatxm.c(639): error C2065: “edx”: 未声明的标识符
music_formatxm.c(640): error C2065: “edx”: 未声明的标识符
music_formatxm.c(640): error C2146: 语法错误: 缺少“;”(在标识符“div”的前面)
music_formatxm.c(640): error C2146: 语法错误: 缺少“;”(在标识符“ebx”的前面)
music_formatxm.c(640): warning C4550: 表达式计算为缺少参数列表的函数
music_formatxm.c(641): error C2065: “ebx”: 未声明的标识符
music_formatxm.c(641): error C2146: 语法错误: 缺少“;”(在标识符“mov”的前面)
music_formatxm.c(641): error C2065: “mov”: 未声明的标识符
music_formatxm.c(641): error C2065: “ecx”: 未声明的标识符
music_formatxm.c(641): error C2109: 下标要求数组或指针类型
music_formatxm.c(642): error C2065: “eax”: 未声明的标识符
music_formatxm.c(642): error C2146: 语法错误: 缺少“;”(在标识符“div”的前面)
music_formatxm.c(642): error C2146: 语法错误: 缺少“;”(在标识符“ebx”的前面)
music_formatxm.c(642): warning C4550: 表达式计算为缺少参数列表的函数
music_formatxm.c(643): error C2065: “ebx”: 未声明的标识符
music_formatxm.c(643): error C2146: 语法错误: 缺少“;”(在标识符“mov”的前面)
music_formatxm.c(643): error C2065: “mov”: 未声明的标识符
music_formatxm.c(643): error C2065: “ecx”: 未声明的标识符
music_formatxm.c(643): error C2109: 下标要求数组或指针类型
music_formatxm.c(645): error C2065: “eax”: 未声明的标识符
music_formatxm.c(645): error C2146: 语法错误: 缺少“;”(在标识符“pop”的前面)
music_formatxm.c(645): error C2065: “pop”: 未声明的标识符
music_formatxm.c(645): error C2146: 语法错误: 缺少“;”(在标识符“edx”的前面)
music_formatxm.c(646): error C2065: “edx”: 未声明的标识符
music_formatxm.c(646): error C2146: 语法错误: 缺少“;”(在标识符“pop”的前面)
music_formatxm.c(646): error C2065: “pop”: 未声明的标识符
music_formatxm.c(646): error C2146: 语法错误: 缺少“;”(在标识符“ecx”的前面)
music_formatxm.c(647): error C2065: “ecx”: 未声明的标识符
music_formatxm.c(647): error C2146: 语法错误: 缺少“;”(在标识符“pop”的前面)
music_formatxm.c(647): error C2065: “pop”: 未声明的标识符
music_formatxm.c(647): error C2146: 语法错误: 缺少“;”(在标识符“ebx”的前面)
music_formatxm.c(648): error C2065: “ebx”: 未声明的标识符
music_formatxm.c(648): error C2146: 语法错误: 缺少“;”(在标识符“pop”的前面)
music_formatxm.c(648): error C2065: “pop”: 未声明的标识符
music_formatxm.c(648): error C2146: 语法错误: 缺少“;”(在标识符“eax”的前面)
music_formatxm.c(649): error C2065: “eax”: 未声明的标识符
music_formatxm.c(649): error C2143: 语法错误: 缺少“;”(在“}”的前面)
  system_file.c
